Original data: 6690 obs | 487 firms
after dropping N/A: 6201 obs | 470 firms
Final sample: 6196
###

Estimation:  OLS
Dep. var.: car_2180
sample: None = all
Inference:  CRV1
Observations:  6196

| Coefficient   |   Estimate |   Std. Error |   t value |   Pr(>|t|) |   2.5% |   97.5% |
|:--------------|-----------:|-------------:|----------:|-----------:|-------:|--------:|
| Intercept     |     -0.024 |        0.077 |    -0.312 |      0.759 | -0.184 |   0.136 |
| stress_qa     |      0.003 |        0.006 |     0.540 |      0.595 | -0.010 |   0.017 |
| vol           |      3.710 |        1.136 |     3.265 |      0.004 |  1.332 |   6.088 |
| mom           |      0.100 |        0.066 |     1.517 |      0.146 | -0.038 |   0.238 |
| lnmve         |     -0.008 |        0.007 |    -1.157 |      0.262 | -0.024 |   0.007 |
| bm            |      0.045 |        0.026 |     1.727 |      0.100 | -0.010 |   0.099 |
| UE            |     -0.003 |        0.008 |    -0.372 |      0.714 | -0.021 |   0.014 |
| POSWORDS      |      0.527 |        0.900 |     0.585 |      0.565 | -1.357 |   2.410 |
| NEGWORDS      |      1.952 |        1.207 |     1.618 |      0.122 | -0.574 |   4.478 |
---
RMSE: 0.252 R2: 0.04 
model 1 cluster no FE result None
###

Estimation:  OLS
Dep. var.: car_2180, Fixed effects: symbol
sample: None = all
Inference:  CRV1
Observations:  6196

| Coefficient   |   Estimate |   Std. Error |   t value |   Pr(>|t|) |   2.5% |   97.5% |
|:--------------|-----------:|-------------:|----------:|-----------:|-------:|--------:|
| stress_qa     |      0.008 |        0.006 |     1.434 |      0.168 | -0.004 |   0.020 |
| vol           |     -1.436 |        1.443 |    -0.996 |      0.332 | -4.456 |   1.584 |
| mom           |      0.003 |        0.058 |     0.059 |      0.953 | -0.117 |   0.124 |
| lnmve         |     -0.297 |        0.065 |    -4.552 |      0.000 | -0.434 |  -0.161 |
| bm            |      0.007 |        0.080 |     0.090 |      0.929 | -0.161 |   0.175 |
| UE            |     -0.006 |        0.008 |    -0.815 |      0.425 | -0.023 |   0.010 |
| POSWORDS      |      0.080 |        0.946 |     0.084 |      0.934 | -1.900 |   2.060 |
| NEGWORDS      |     -1.267 |        1.458 |    -0.869 |      0.396 | -4.319 |   1.784 |
---
RMSE: 0.218 R2: 0.28 R2 Within: 0.09 
model 2 firm FE result None
###

Estimation:  OLS
Dep. var.: car_2180, Fixed effects: time
sample: None = all
Inference:  CRV1
Observations:  6196

| Coefficient   |   Estimate |   Std. Error |   t value |   Pr(>|t|) |   2.5% |   97.5% |
|:--------------|-----------:|-------------:|----------:|-----------:|-------:|--------:|
| stress_qa     |      0.006 |        0.007 |     0.892 |      0.384 | -0.009 |   0.021 |
| vol           |      5.459 |        1.827 |     2.987 |      0.008 |  1.635 |   9.284 |
| mom           |      0.090 |        0.065 |     1.395 |      0.179 | -0.045 |   0.226 |
| lnmve         |     -0.007 |        0.007 |    -1.035 |      0.314 | -0.021 |   0.007 |
| bm            |      0.048 |        0.026 |     1.829 |      0.083 | -0.007 |   0.104 |
| UE            |     -0.010 |        0.008 |    -1.311 |      0.205 | -0.027 |   0.006 |
| POSWORDS      |      0.787 |        0.815 |     0.965 |      0.347 | -0.919 |   2.492 |
| NEGWORDS      |      3.575 |        1.104 |     3.238 |      0.004 |  1.264 |   5.886 |
---
RMSE: 0.248 R2: 0.072 R2 Within: 0.048 
model 3 time FE result None
###

Estimation:  OLS
Dep. var.: car_2180, Fixed effects: symbol + time
sample: None = all
Inference:  CRV1
Observations:  6196

| Coefficient   |   Estimate |   Std. Error |   t value |   Pr(>|t|) |   2.5% |   97.5% |
|:--------------|-----------:|-------------:|----------:|-----------:|-------:|--------:|
| stress_qa     |      0.011 |        0.006 |     1.870 |      0.077 | -0.001 |   0.022 |
| vol           |      2.365 |        1.860 |     1.271 |      0.219 | -1.528 |   6.258 |
| mom           |      0.012 |        0.055 |     0.217 |      0.830 | -0.103 |   0.127 |
| lnmve         |     -0.344 |        0.077 |    -4.441 |      0.000 | -0.506 |  -0.182 |
| bm            |      0.018 |        0.100 |     0.176 |      0.862 | -0.192 |   0.228 |
| UE            |     -0.015 |        0.007 |    -2.143 |      0.045 | -0.029 |  -0.000 |
| POSWORDS      |     -0.031 |        0.745 |    -0.041 |      0.968 | -1.591 |   1.529 |
| NEGWORDS      |      0.265 |        1.135 |     0.233 |      0.818 | -2.111 |   2.641 |
---
RMSE: 0.211 R2: 0.325 R2 Within: 0.121 
model 4 firm + time FE result None
