Original data: 6690 obs | 487 firms
after dropping N/A: 4449 obs | 440 firms
Final sample: 4426
###

Estimation:  OLS
Dep. var.: car_2180
sample: None = all
Inference:  CRV1
Observations:  4426

| Coefficient   |   Estimate |   Std. Error |   t value |   Pr(>|t|) |   2.5% |   97.5% |
|:--------------|-----------:|-------------:|----------:|-----------:|-------:|--------:|
| Intercept     |     -0.045 |        0.096 |    -0.465 |      0.647 | -0.245 |   0.156 |
| stress_qa     |      0.002 |        0.008 |     0.266 |      0.793 | -0.015 |   0.020 |
| stress_pr     |     -0.005 |        0.009 |    -0.597 |      0.557 | -0.023 |   0.013 |
| vol           |      2.959 |        1.184 |     2.499 |      0.022 |  0.481 |   5.438 |
| mom           |      0.061 |        0.059 |     1.035 |      0.314 | -0.063 |   0.186 |
| lnmve         |     -0.005 |        0.008 |    -0.635 |      0.533 | -0.021 |   0.011 |
| bm            |      0.061 |        0.033 |     1.858 |      0.079 | -0.008 |   0.129 |
| UE            |      0.006 |        0.015 |     0.438 |      0.666 | -0.024 |   0.037 |
| POSWORDS      |      0.247 |        0.934 |     0.265 |      0.794 | -1.708 |   2.203 |
| NEGWORDS      |      3.535 |        1.383 |     2.557 |      0.019 |  0.641 |   6.429 |
---
RMSE: 0.219 R2: 0.035 
model 1 cluster no FE result None
###

Estimation:  OLS
Dep. var.: car_2180, Fixed effects: symbol
sample: None = all
Inference:  CRV1
Observations:  4426

| Coefficient   |   Estimate |   Std. Error |   t value |   Pr(>|t|) |   2.5% |   97.5% |
|:--------------|-----------:|-------------:|----------:|-----------:|-------:|--------:|
| stress_qa     |      0.002 |        0.007 |     0.337 |      0.740 | -0.012 |   0.017 |
| stress_pr     |      0.005 |        0.008 |     0.578 |      0.570 | -0.012 |   0.022 |
| vol           |     -2.504 |        1.602 |    -1.563 |      0.135 | -5.858 |   0.849 |
| mom           |     -0.003 |        0.056 |    -0.060 |      0.952 | -0.120 |   0.114 |
| lnmve         |     -0.253 |        0.042 |    -6.017 |      0.000 | -0.341 |  -0.165 |
| bm            |      0.157 |        0.065 |     2.425 |      0.025 |  0.022 |   0.293 |
| UE            |      0.001 |        0.013 |     0.095 |      0.925 | -0.026 |   0.029 |
| POSWORDS      |     -0.208 |        1.119 |    -0.185 |      0.855 | -2.550 |   2.135 |
| NEGWORDS      |     -0.482 |        1.784 |    -0.270 |      0.790 | -4.216 |   3.253 |
---
RMSE: 0.188 R2: 0.293 R2 Within: 0.097 
model 2 firm FE result None
###

Estimation:  OLS
Dep. var.: car_2180, Fixed effects: time
sample: None = all
Inference:  CRV1
Observations:  4426

| Coefficient   |   Estimate |   Std. Error |   t value |   Pr(>|t|) |   2.5% |   97.5% |
|:--------------|-----------:|-------------:|----------:|-----------:|-------:|--------:|
| stress_qa     |      0.003 |        0.009 |     0.383 |      0.706 | -0.015 |   0.021 |
| stress_pr     |     -0.002 |        0.008 |    -0.242 |      0.812 | -0.018 |   0.014 |
| vol           |      4.702 |        1.510 |     3.114 |      0.006 |  1.541 |   7.862 |
| mom           |      0.044 |        0.056 |     0.796 |      0.436 | -0.072 |   0.161 |
| lnmve         |     -0.003 |        0.007 |    -0.367 |      0.718 | -0.018 |   0.013 |
| bm            |      0.063 |        0.033 |     1.945 |      0.067 | -0.005 |   0.132 |
| UE            |     -0.008 |        0.015 |    -0.527 |      0.605 | -0.040 |   0.024 |
| POSWORDS      |      0.705 |        0.832 |     0.847 |      0.407 | -1.036 |   2.446 |
| NEGWORDS      |      5.288 |        1.370 |     3.859 |      0.001 |  2.420 |   8.156 |
---
RMSE: 0.214 R2: 0.082 R2 Within: 0.044 
model 3 time FE result None
###

Estimation:  OLS
Dep. var.: car_2180, Fixed effects: symbol + time
sample: None = all
Inference:  CRV1
Observations:  4426

| Coefficient   |   Estimate |   Std. Error |   t value |   Pr(>|t|) |   2.5% |   97.5% |
|:--------------|-----------:|-------------:|----------:|-----------:|-------:|--------:|
| stress_qa     |      0.004 |        0.006 |     0.588 |      0.563 | -0.010 |   0.017 |
| stress_pr     |      0.007 |        0.008 |     0.870 |      0.395 | -0.010 |   0.024 |
| vol           |      1.337 |        1.264 |     1.058 |      0.303 | -1.307 |   3.982 |
| mom           |     -0.009 |        0.046 |    -0.198 |      0.845 | -0.106 |   0.088 |
| lnmve         |     -0.297 |        0.053 |    -5.626 |      0.000 | -0.408 |  -0.187 |
| bm            |      0.192 |        0.070 |     2.745 |      0.013 |  0.046 |   0.338 |
| UE            |     -0.013 |        0.011 |    -1.229 |      0.234 | -0.036 |   0.009 |
| POSWORDS      |      0.125 |        0.974 |     0.129 |      0.899 | -1.914 |   2.164 |
| NEGWORDS      |      1.019 |        1.605 |     0.635 |      0.533 | -2.341 |   4.378 |
---
RMSE: 0.179 R2: 0.358 R2 Within: 0.141 
model 4 firm + time FE result None
