Original data: 8022 obs | 489 firms
after dropping N/A: 5359 obs | 446 firms
Final sample: 5342 obs | 429 firms
###

Estimation:  OLS
Dep. var.: car_01
sample: None = all
Inference:  CRV1
Observations:  5342

| Coefficient   |   Estimate |   Std. Error |   t value |   Pr(>|t|) |   2.5% |   97.5% |
|:--------------|-----------:|-------------:|----------:|-----------:|-------:|--------:|
| Intercept     |      0.058 |        0.014 |     3.977 |      0.001 |  0.028 |   0.088 |
| stress_qa     |     -0.006 |        0.002 |    -3.757 |      0.001 | -0.010 |  -0.003 |
| stress_pr     |     -0.013 |        0.002 |    -6.870 |      0.000 | -0.016 |  -0.009 |
| vol           |      0.472 |        0.109 |     4.352 |      0.000 |  0.247 |   0.697 |
| mom           |     -0.014 |        0.007 |    -1.880 |      0.073 | -0.029 |   0.001 |
| lnmve         |     -0.002 |        0.001 |    -1.951 |      0.064 | -0.005 |   0.000 |
| bm            |      0.000 |        0.004 |     0.003 |      0.997 | -0.009 |   0.009 |
| UE            |      0.031 |        0.004 |     7.676 |      0.000 |  0.023 |   0.040 |
| POSWORDS      |      0.025 |        0.135 |     0.187 |      0.853 | -0.255 |   0.305 |
| NEGWORDS      |     -0.322 |        0.310 |    -1.039 |      0.310 | -0.966 |   0.321 |
---
RMSE: 0.056 R2: 0.062 
model 1 cluster no FE result None
###

Estimation:  OLS
Dep. var.: car_01, Fixed effects: symbol
sample: None = all
Inference:  CRV1
Observations:  5342

| Coefficient   |   Estimate |   Std. Error |   t value |   Pr(>|t|) |   2.5% |   97.5% |
|:--------------|-----------:|-------------:|----------:|-----------:|-------:|--------:|
| stress_qa     |     -0.007 |        0.002 |    -4.071 |      0.001 | -0.011 |  -0.004 |
| stress_pr     |     -0.014 |        0.002 |    -7.227 |      0.000 | -0.018 |  -0.010 |
| vol           |      0.076 |        0.207 |     0.365 |      0.719 | -0.354 |   0.505 |
| mom           |     -0.019 |        0.009 |    -2.176 |      0.041 | -0.038 |  -0.001 |
| lnmve         |     -0.042 |        0.006 |    -6.750 |      0.000 | -0.055 |  -0.029 |
| bm            |     -0.000 |        0.013 |    -0.018 |      0.986 | -0.027 |   0.026 |
| UE            |      0.037 |        0.004 |     8.418 |      0.000 |  0.028 |   0.047 |
| POSWORDS      |      0.515 |        0.178 |     2.898 |      0.008 |  0.146 |   0.883 |
| NEGWORDS      |     -1.330 |        0.385 |    -3.453 |      0.002 | -2.129 |  -0.531 |
---
RMSE: 0.052 R2: 0.173 R2 Within: 0.096 
model 2 firm FE result None
###

Estimation:  OLS
Dep. var.: car_01, Fixed effects: time
sample: None = all
Inference:  CRV1
Observations:  5342

| Coefficient   |   Estimate |   Std. Error |   t value |   Pr(>|t|) |   2.5% |   97.5% |
|:--------------|-----------:|-------------:|----------:|-----------:|-------:|--------:|
| stress_qa     |     -0.006 |        0.002 |    -3.905 |      0.001 | -0.010 |  -0.003 |
| stress_pr     |     -0.012 |        0.002 |    -6.926 |      0.000 | -0.016 |  -0.009 |
| vol           |      0.433 |        0.116 |     3.726 |      0.001 |  0.192 |   0.674 |
| mom           |     -0.015 |        0.007 |    -2.070 |      0.050 | -0.030 |   0.000 |
| lnmve         |     -0.003 |        0.001 |    -2.021 |      0.056 | -0.005 |   0.000 |
| bm            |     -0.000 |        0.004 |    -0.061 |      0.952 | -0.009 |   0.009 |
| UE            |      0.032 |        0.004 |     8.156 |      0.000 |  0.024 |   0.041 |
| POSWORDS      |      0.017 |        0.139 |     0.124 |      0.902 | -0.271 |   0.305 |
| NEGWORDS      |     -0.386 |        0.307 |    -1.258 |      0.221 | -1.022 |   0.250 |
---
RMSE: 0.055 R2: 0.068 R2 Within: 0.063 
model 3 time FE result None
###

Estimation:  OLS
Dep. var.: car_01, Fixed effects: symbol + time
sample: None = all
Inference:  CRV1
Observations:  5342

| Coefficient   |   Estimate |   Std. Error |   t value |   Pr(>|t|) |   2.5% |   97.5% |
|:--------------|-----------:|-------------:|----------:|-----------:|-------:|--------:|
| stress_qa     |     -0.008 |        0.002 |    -4.277 |      0.000 | -0.011 |  -0.004 |
| stress_pr     |     -0.014 |        0.002 |    -7.412 |      0.000 | -0.018 |  -0.010 |
| vol           |      0.347 |        0.283 |     1.227 |      0.233 | -0.239 |   0.933 |
| mom           |     -0.020 |        0.008 |    -2.384 |      0.026 | -0.037 |  -0.003 |
| lnmve         |     -0.048 |        0.006 |    -7.661 |      0.000 | -0.061 |  -0.035 |
| bm            |     -0.006 |        0.013 |    -0.434 |      0.669 | -0.034 |   0.022 |
| UE            |      0.040 |        0.004 |     8.922 |      0.000 |  0.031 |   0.049 |
| POSWORDS      |      0.430 |        0.175 |     2.453 |      0.023 |  0.067 |   0.794 |
| NEGWORDS      |     -1.387 |        0.370 |    -3.745 |      0.001 | -2.155 |  -0.619 |
---
RMSE: 0.052 R2: 0.183 R2 Within: 0.101 
model 4 firm + time FE result None
