Original data: 8022 obs | 489 firms
after dropping N/A: 7493 obs | 472 firms
Final sample: 7491
Final sample: 7491
###

Estimation:  OLS
Dep. var.: car_01
sample: None = all
Inference:  CRV1
Observations:  7491

| Coefficient   |   Estimate |   Std. Error |   t value |   Pr(>|t|) |   2.5% |   97.5% |
|:--------------|-----------:|-------------:|----------:|-----------:|-------:|--------:|
| Intercept     |      0.042 |        0.012 |     3.617 |      0.002 |  0.018 |   0.067 |
| stress_qa     |     -0.009 |        0.001 |    -6.277 |      0.000 | -0.012 |  -0.006 |
| vol           |      0.351 |        0.099 |     3.562 |      0.002 |  0.147 |   0.556 |
| mom           |     -0.005 |        0.005 |    -1.114 |      0.277 | -0.016 |   0.005 |
| lnmve         |     -0.002 |        0.001 |    -2.395 |      0.026 | -0.004 |  -0.000 |
| bm            |     -0.001 |        0.003 |    -0.403 |      0.691 | -0.008 |   0.005 |
| UE            |      0.031 |        0.004 |     8.048 |      0.000 |  0.023 |   0.039 |
| POSWORDS      |     -0.013 |        0.143 |    -0.089 |      0.930 | -0.309 |   0.283 |
| NEGWORDS      |     -0.764 |        0.237 |    -3.228 |      0.004 | -1.255 |  -0.273 |
---
RMSE: 0.057 R2: 0.045 
model 1 cluster no FE result None
###

Estimation:  OLS
Dep. var.: car_01, Fixed effects: symbol
sample: None = all
Inference:  CRV1
Observations:  7491

| Coefficient   |   Estimate |   Std. Error |   t value |   Pr(>|t|) |   2.5% |   97.5% |
|:--------------|-----------:|-------------:|----------:|-----------:|-------:|--------:|
| stress_qa     |     -0.011 |        0.002 |    -6.707 |      0.000 | -0.015 |  -0.008 |
| vol           |     -0.027 |        0.144 |    -0.189 |      0.852 | -0.326 |   0.272 |
| mom           |     -0.013 |        0.007 |    -2.064 |      0.051 | -0.027 |   0.000 |
| lnmve         |     -0.033 |        0.005 |    -6.002 |      0.000 | -0.044 |  -0.022 |
| bm            |      0.004 |        0.010 |     0.386 |      0.703 | -0.017 |   0.025 |
| UE            |      0.037 |        0.005 |     7.946 |      0.000 |  0.027 |   0.046 |
| POSWORDS      |      0.485 |        0.199 |     2.439 |      0.023 |  0.073 |   0.898 |
| NEGWORDS      |     -1.566 |        0.291 |    -5.375 |      0.000 | -2.170 |  -0.962 |
---
RMSE: 0.054 R2: 0.135 R2 Within: 0.071 
model 2 firm FE result None
###

Estimation:  OLS
Dep. var.: car_01, Fixed effects: time
sample: None = all
Inference:  CRV1
Observations:  7491

| Coefficient   |   Estimate |   Std. Error |   t value |   Pr(>|t|) |   2.5% |   97.5% |
|:--------------|-----------:|-------------:|----------:|-----------:|-------:|--------:|
| stress_qa     |     -0.009 |        0.001 |    -6.246 |      0.000 | -0.012 |  -0.006 |
| vol           |      0.373 |        0.120 |     3.112 |      0.005 |  0.124 |   0.621 |
| mom           |     -0.006 |        0.004 |    -1.423 |      0.169 | -0.016 |   0.003 |
| lnmve         |     -0.002 |        0.001 |    -2.395 |      0.026 | -0.004 |  -0.000 |
| bm            |     -0.001 |        0.003 |    -0.420 |      0.679 | -0.008 |   0.006 |
| UE            |      0.032 |        0.004 |     8.637 |      0.000 |  0.025 |   0.040 |
| POSWORDS      |     -0.026 |        0.148 |    -0.176 |      0.862 | -0.332 |   0.280 |
| NEGWORDS      |     -0.772 |        0.223 |    -3.457 |      0.002 | -1.235 |  -0.309 |
---
RMSE: 0.057 R2: 0.051 R2 Within: 0.046 
model 3 time FE result None
###

Estimation:  OLS
Dep. var.: car_01, Fixed effects: symbol + time
sample: None = all
Inference:  CRV1
Observations:  7491

| Coefficient   |   Estimate |   Std. Error |   t value |   Pr(>|t|) |   2.5% |   97.5% |
|:--------------|-----------:|-------------:|----------:|-----------:|-------:|--------:|
| stress_qa     |     -0.011 |        0.002 |    -6.780 |      0.000 | -0.015 |  -0.008 |
| vol           |      0.198 |        0.221 |     0.896 |      0.380 | -0.260 |   0.655 |
| mom           |     -0.014 |        0.006 |    -2.291 |      0.032 | -0.026 |  -0.001 |
| lnmve         |     -0.037 |        0.005 |    -7.053 |      0.000 | -0.048 |  -0.026 |
| bm            |      0.000 |        0.010 |     0.017 |      0.987 | -0.022 |   0.022 |
| UE            |      0.039 |        0.005 |     8.565 |      0.000 |  0.030 |   0.049 |
| POSWORDS      |      0.417 |        0.196 |     2.127 |      0.045 |  0.010 |   0.824 |
| NEGWORDS      |     -1.604 |        0.271 |    -5.909 |      0.000 | -2.167 |  -1.041 |
---
RMSE: 0.054 R2: 0.145 R2 Within: 0.076 
model 4 firm + time FE result None
