Original data: 6690 obs | 487 firms
after dropping N/A: 6201 obs | 470 firms
Final sample: 6196
###

Estimation:  OLS
Dep. var.: car_2180
sample: None = all
Inference:  CRV1
Observations:  6196

| Coefficient   |   Estimate |   Std. Error |   t value |   Pr(>|t|) |   2.5% |   97.5% |
|:--------------|-----------:|-------------:|----------:|-----------:|-------:|--------:|
| Intercept     |     -0.021 |        0.080 |    -0.263 |      0.795 | -0.189 |   0.147 |
| stress_qa     |      0.002 |        0.006 |     0.322 |      0.751 | -0.011 |   0.015 |
| vol           |      2.715 |        1.180 |     2.300 |      0.033 |  0.245 |   5.185 |
| mom           |      0.047 |        0.056 |     0.837 |      0.413 | -0.071 |   0.165 |
| lnmve         |     -0.007 |        0.007 |    -0.932 |      0.363 | -0.022 |   0.008 |
| bm            |      0.049 |        0.030 |     1.664 |      0.113 | -0.013 |   0.111 |
| UE            |      0.010 |        0.013 |     0.742 |      0.467 | -0.018 |   0.038 |
| POSWORDS      |      0.245 |        0.837 |     0.292 |      0.773 | -1.508 |   1.998 |
| NEGWORDS      |      2.479 |        1.322 |     1.875 |      0.076 | -0.288 |   5.246 |
---
RMSE: 0.225 R2: 0.028 
model 1 cluster no FE result None
###

Estimation:  OLS
Dep. var.: car_2180, Fixed effects: symbol
sample: None = all
Inference:  CRV1
Observations:  6196

| Coefficient   |   Estimate |   Std. Error |   t value |   Pr(>|t|) |   2.5% |   97.5% |
|:--------------|-----------:|-------------:|----------:|-----------:|-------:|--------:|
| stress_qa     |      0.006 |        0.004 |     1.425 |      0.170 | -0.003 |   0.014 |
| vol           |     -2.487 |        1.420 |    -1.751 |      0.096 | -5.459 |   0.486 |
| mom           |     -0.033 |        0.050 |    -0.667 |      0.513 | -0.138 |   0.071 |
| lnmve         |     -0.268 |        0.038 |    -7.087 |      0.000 | -0.348 |  -0.189 |
| bm            |      0.114 |        0.055 |     2.076 |      0.052 | -0.001 |   0.229 |
| UE            |      0.005 |        0.013 |     0.372 |      0.714 | -0.022 |   0.031 |
| POSWORDS      |     -0.058 |        0.959 |    -0.061 |      0.952 | -2.065 |   1.948 |
| NEGWORDS      |     -0.769 |        1.513 |    -0.508 |      0.617 | -3.936 |   2.398 |
---
RMSE: 0.193 R2: 0.287 R2 Within: 0.101 
model 2 firm FE result None
###

Estimation:  OLS
Dep. var.: car_2180, Fixed effects: time
sample: None = all
Inference:  CRV1
Observations:  6196

| Coefficient   |   Estimate |   Std. Error |   t value |   Pr(>|t|) |   2.5% |   97.5% |
|:--------------|-----------:|-------------:|----------:|-----------:|-------:|--------:|
| stress_qa     |      0.004 |        0.007 |     0.662 |      0.516 | -0.010 |   0.019 |
| vol           |      4.271 |        1.593 |     2.680 |      0.015 |  0.936 |   7.606 |
| mom           |      0.036 |        0.054 |     0.674 |      0.508 | -0.076 |   0.148 |
| lnmve         |     -0.005 |        0.007 |    -0.814 |      0.426 | -0.019 |   0.009 |
| bm            |      0.054 |        0.030 |     1.824 |      0.084 | -0.008 |   0.116 |
| UE            |     -0.005 |        0.013 |    -0.374 |      0.712 | -0.032 |   0.022 |
| POSWORDS      |      0.572 |        0.763 |     0.749 |      0.463 | -1.026 |   2.169 |
| NEGWORDS      |      4.247 |        1.239 |     3.429 |      0.003 |  1.655 |   6.839 |
---
RMSE: 0.221 R2: 0.066 R2 Within: 0.036 
model 3 time FE result None
###

Estimation:  OLS
Dep. var.: car_2180, Fixed effects: symbol + time
sample: None = all
Inference:  CRV1
Observations:  6196

| Coefficient   |   Estimate |   Std. Error |   t value |   Pr(>|t|) |   2.5% |   97.5% |
|:--------------|-----------:|-------------:|----------:|-----------:|-------:|--------:|
| stress_qa     |      0.008 |        0.004 |     1.844 |      0.081 | -0.001 |   0.018 |
| vol           |      0.890 |        1.318 |     0.675 |      0.508 | -1.868 |   3.648 |
| mom           |     -0.027 |        0.042 |    -0.651 |      0.523 | -0.115 |   0.061 |
| lnmve         |     -0.309 |        0.046 |    -6.753 |      0.000 | -0.404 |  -0.213 |
| bm            |      0.163 |        0.055 |     2.989 |      0.008 |  0.049 |   0.278 |
| UE            |     -0.012 |        0.010 |    -1.135 |      0.270 | -0.033 |   0.010 |
| POSWORDS      |     -0.051 |        0.756 |    -0.067 |      0.947 | -1.633 |   1.531 |
| NEGWORDS      |      0.860 |        1.204 |     0.714 |      0.484 | -1.660 |   3.379 |
---
RMSE: 0.185 R2: 0.343 R2 Within: 0.141 
model 4 firm + time FE result None
