Regression sample: 5372 observations
Unique firms: 446

=== Model 1: QA Stress → CAR(0,1) ===
            Coef.  Std.Err.       z   P>|z|  [0.025  0.975]
Intercept  0.0648    0.0165  3.9201  0.0001  0.0324  0.0972
stress_qa -0.0113    0.0016 -7.2350  0.0000 -0.0143 -0.0082
vol        0.3186    0.1060  3.0043  0.0027  0.1107  0.5264
mom       -0.0043    0.0064 -0.6644  0.5064 -0.0168  0.0083
lnmve     -0.0022    0.0009 -2.4757  0.0133 -0.0039 -0.0004
bm        -0.5188    3.0073 -0.1725  0.8630 -6.4129  5.3753
UE         0.0145    0.0052  2.8038  0.0051  0.0044  0.0246
POSWORDS   0.0706    0.1448  0.4878  0.6257 -0.2131  0.3543
NEGWORDS  -0.8005    0.2663 -3.0061  0.0026 -1.3225 -0.2786

=== Model 2: PR Stress → CAR(0,1) ===
            Coef.  Std.Err.       z   P>|z|  [0.025  0.975]
Intercept  0.0637    0.0162  3.9299  0.0001  0.0319  0.0955
stress_pr -0.0162    0.0017 -9.6128  0.0000 -0.0195 -0.0129
vol        0.4809    0.1077  4.4668  0.0000  0.2699  0.6919
mom       -0.0102    0.0063 -1.6101  0.1074 -0.0227  0.0022
lnmve     -0.0024    0.0009 -2.7125  0.0067 -0.0041 -0.0007
bm        -1.1119    2.9745 -0.3738  0.7085 -6.9419  4.7181
UE         0.0135    0.0048  2.8001  0.0051  0.0041  0.0230
POSWORDS   0.1332    0.1427  0.9336  0.3505 -0.1465  0.4129
NEGWORDS  -0.4241    0.2606 -1.6273  0.1037 -0.9349  0.0867

=== Model 3: Whole Text Stress → CAR(0,1) ===
               Coef.  Std.Err.       z   P>|z|  [0.025  0.975]
Intercept     0.0632    0.0162  3.9057  0.0001  0.0315  0.0950
stress_whole -0.0160    0.0018 -9.1282  0.0000 -0.0195 -0.0126
vol           0.4497    0.1067  4.2135  0.0000  0.2405  0.6589
mom          -0.0096    0.0063 -1.5124  0.1304 -0.0220  0.0028
lnmve        -0.0022    0.0009 -2.5706  0.0102 -0.0039 -0.0005
bm           -1.1684    2.9682 -0.3936  0.6938 -6.9859  4.6491
UE            0.0139    0.0049  2.8308  0.0046  0.0043  0.0235
POSWORDS      0.0855    0.1431  0.5977  0.5501 -0.1950  0.3660
NEGWORDS     -0.4793    0.2622 -1.8280  0.0676 -0.9932  0.0346

=== Model 4: QA Stress → CAR(0,180) ===
             Coef.  Std.Err.       z   P>|z|   [0.025   0.975]
Intercept   0.0793    0.0656  1.2087  0.2268  -0.0493   0.2078
stress_qa  -0.0107    0.0051 -2.0884  0.0368  -0.0208  -0.0007
vol         3.6117    0.5883  6.1394  0.0000   2.4587   4.7648
mom         0.1200    0.0329  3.6489  0.0003   0.0555   0.1845
lnmve      -0.0085    0.0036 -2.3548  0.0185  -0.0155  -0.0014
bm         41.4771   13.3624  3.1040  0.0019  15.2873  67.6669
UE          0.0126    0.0065  1.9254  0.0542  -0.0002   0.0254
POSWORDS    0.1884    0.5551  0.3393  0.7344  -0.8997   1.2764
NEGWORDS    1.5758    0.9717  1.6218  0.1049  -0.3286   3.4803

=== Model 5: All Stress Scores → CAR(0,1) ===
               Coef.  Std.Err.       z   P>|z|  [0.025  0.975]
Intercept     0.0877    0.0168  5.2314  0.0000  0.0548  0.1205
stress_qa    -0.0075    0.0015 -4.8775  0.0000 -0.0105 -0.0045
stress_pr    -0.0105    0.0027 -3.9547  0.0001 -0.0157 -0.0053
stress_whole -0.0048    0.0027 -1.7548  0.0793 -0.0102  0.0006
vol           0.4784    0.1078  4.4380  0.0000  0.2671  0.6896
mom          -0.0116    0.0063 -1.8404  0.0657 -0.0239  0.0008
lnmve        -0.0026    0.0009 -3.0446  0.0023 -0.0043 -0.0009
bm           -0.7716    2.9872 -0.2583  0.7962 -6.6265  5.0832
UE            0.0133    0.0047  2.8287  0.0047  0.0041  0.0225
POSWORDS      0.0498    0.1441  0.3455  0.7297 -0.2326  0.3322
NEGWORDS     -0.2340    0.2663 -0.8788  0.3795 -0.7559  0.2879

=== SUMMARY ===
Model           N       R²  stress coef    p-value
--------------------------------------------------
M1 QA→01     5372   0.0328      -0.0113     0.0000
M2 PR→01     5372   0.0444      -0.0162     0.0000
M3 Whole→01   5372   0.0417      -0.0160     0.0000
M4 QA→180    5372   0.0470      -0.0107     0.0368
Running regression code...
Regression sample: 5372 observations
Unique firms: 446

=== Model 1: QA Stress → CAR(0,1) ===
              Coef.   Std.Err.       z   P>|z|     [0.025     0.975]
Intercept    0.0796     0.0222  3.5846  0.0003     0.0361     0.1232
stress_qa   -0.0113     0.0016 -7.2350  0.0000    -0.0143    -0.0082
vol          0.3186     0.1060  3.0043  0.0027     0.1107     0.5264
mom         -0.0043     0.0064 -0.6644  0.5064    -0.0168     0.0083
lnmve       -0.0022     0.0009 -2.4757  0.0133    -0.0039    -0.0004
bm        -518.8134  3007.2589 -0.1725  0.8630 -6412.9325  5375.3056
UE           0.0145     0.0052  2.8038  0.0051     0.0044     0.0246
POSWORDS     0.0706     0.1448  0.4878  0.6257    -0.2131     0.3543
NEGWORDS    -0.8005     0.2663 -3.0061  0.0026    -1.3225    -0.2786

=== Model 2: PR Stress → CAR(0,1) ===
               Coef.   Std.Err.       z   P>|z|     [0.025     0.975]
Intercept     0.0800     0.0220  3.6391  0.0003     0.0369     0.1231
stress_pr    -0.0162     0.0017 -9.6128  0.0000    -0.0195    -0.0129
vol           0.4809     0.1077  4.4668  0.0000     0.2699     0.6919
mom          -0.0102     0.0063 -1.6101  0.1074    -0.0227     0.0022
lnmve        -0.0024     0.0009 -2.7125  0.0067    -0.0041    -0.0007
bm        -1111.8947  2974.5250 -0.3738  0.7085 -6941.8565  4718.0671
UE            0.0135     0.0048  2.8001  0.0051     0.0041     0.0230
POSWORDS      0.1332     0.1427  0.9336  0.3505    -0.1465     0.4129
NEGWORDS     -0.4241     0.2606 -1.6273  0.1037    -0.9349     0.0867

=== Model 3: Whole Text Stress → CAR(0,1) ===
                  Coef.   Std.Err.       z   P>|z|     [0.025     0.975]
Intercept        0.0786     0.0219  3.5861  0.0003     0.0356     0.1216
stress_whole    -0.0160     0.0018 -9.1282  0.0000    -0.0195    -0.0126
vol              0.4497     0.1067  4.2135  0.0000     0.2405     0.6589
mom             -0.0096     0.0063 -1.5124  0.1304    -0.0220     0.0028
lnmve           -0.0022     0.0009 -2.5706  0.0102    -0.0039    -0.0005
bm           -1168.3882  2968.1517 -0.3936  0.6938 -6985.8587  4649.0822
UE               0.0139     0.0049  2.8308  0.0046     0.0043     0.0235
POSWORDS         0.0855     0.1431  0.5977  0.5501    -0.1950     0.3660
NEGWORDS        -0.4793     0.2622 -1.8280  0.0676    -0.9932     0.0346

=== Model 4: QA Stress → CAR(0,180) ===
                Coef.    Std.Err.       z   P>|z|      [0.025      0.975]
Intercept      0.1378      0.0892  1.5447  0.1224     -0.0371      0.3127
stress_qa     -0.0107      0.0051 -2.0884  0.0368     -0.0208     -0.0007
vol            3.6117      0.5883  6.1394  0.0000      2.4587      4.7648
mom            0.1200      0.0329  3.6489  0.0003      0.0555      0.1845
lnmve         -0.0085      0.0036 -2.3548  0.0185     -0.0155     -0.0014
bm         41477.0729  13362.3832  3.1040  0.0019  15287.2832  67666.8627
UE             0.0126      0.0065  1.9254  0.0542     -0.0002      0.0254
POSWORDS       0.1884      0.5551  0.3393  0.7344     -0.8997      1.2764
NEGWORDS       1.5758      0.9717  1.6218  0.1049     -0.3286      3.4803

=== Model 5: All Stress Scores → CAR(0,1) ===
                 Coef.   Std.Err.       z   P>|z|     [0.025     0.975]
Intercept       0.1059     0.0224  4.7289  0.0000     0.0620     0.1498
stress_qa      -0.0075     0.0015 -4.8775  0.0000    -0.0105    -0.0045
stress_pr      -0.0105     0.0027 -3.9547  0.0001    -0.0157    -0.0053
stress_whole   -0.0048     0.0027 -1.7548  0.0793    -0.0102     0.0006
vol             0.4784     0.1078  4.4380  0.0000     0.2671     0.6896
mom            -0.0116     0.0063 -1.8404  0.0657    -0.0239     0.0008
lnmve          -0.0026     0.0009 -3.0446  0.0023    -0.0043    -0.0009
bm           -771.6417  2987.2256 -0.2583  0.7962 -6626.4963  5083.2129
UE              0.0133     0.0047  2.8287  0.0047     0.0041     0.0225
POSWORDS        0.0498     0.1441  0.3455  0.7297    -0.2326     0.3322
NEGWORDS       -0.2340     0.2663 -0.8788  0.3795    -0.7559     0.2879

=== SUMMARY ===
Model           N       R²  stress coef    p-value
--------------------------------------------------
M1 QA→01     5372   0.0328      -0.0113     0.0000
M2 PR→01     5372   0.0444      -0.0162     0.0000
M3 Whole→01   5372   0.0417      -0.0160     0.0000
M4 QA→180    5372   0.0470      -0.0107     0.0368
Running regression code...
Regression sample: 5372 observations
Unique firms: 446

=== Model 1: QA Stress → CAR(0,1) ===
            Coef.  Std.Err.       z   P>|z|  [0.025  0.975]
Intercept  0.0499    0.0112  4.4723  0.0000  0.0280  0.0718
stress_qa -0.0113    0.0016 -7.2350  0.0000 -0.0143 -0.0082
vol        0.3186    0.1060  3.0043  0.0027  0.1107  0.5264
mom       -0.0043    0.0064 -0.6644  0.5064 -0.0168  0.0083
lnmve     -0.0022    0.0009 -2.4757  0.0133 -0.0039 -0.0004
bm        -0.0005    0.0030 -0.1725  0.8630 -0.0064  0.0054
UE         0.0145    0.0052  2.8038  0.0051  0.0044  0.0246
POSWORDS   0.0706    0.1448  0.4878  0.6257 -0.2131  0.3543
NEGWORDS  -0.8005    0.2663 -3.0061  0.0026 -1.3225 -0.2786

=== Model 2: PR Stress → CAR(0,1) ===
            Coef.  Std.Err.       z   P>|z|  [0.025  0.975]
Intercept  0.0475    0.0107  4.4329  0.0000  0.0265  0.0685
stress_pr -0.0162    0.0017 -9.6128  0.0000 -0.0195 -0.0129
vol        0.4809    0.1077  4.4668  0.0000  0.2699  0.6919
mom       -0.0102    0.0063 -1.6101  0.1074 -0.0227  0.0022
lnmve     -0.0024    0.0009 -2.7125  0.0067 -0.0041 -0.0007
bm        -0.0011    0.0030 -0.3738  0.7085 -0.0069  0.0047
UE         0.0135    0.0048  2.8001  0.0051  0.0041  0.0230
POSWORDS   0.1332    0.1427  0.9336  0.3505 -0.1465  0.4129
NEGWORDS  -0.4241    0.2606 -1.6273  0.1037 -0.9349  0.0867

=== Model 3: Whole Text Stress → CAR(0,1) ===
               Coef.  Std.Err.       z   P>|z|  [0.025  0.975]
Intercept     0.0479    0.0107  4.4585  0.0000  0.0268  0.0690
stress_whole -0.0160    0.0018 -9.1282  0.0000 -0.0195 -0.0126
vol           0.4497    0.1067  4.2135  0.0000  0.2405  0.6589
mom          -0.0096    0.0063 -1.5124  0.1304 -0.0220  0.0028
lnmve        -0.0022    0.0009 -2.5706  0.0102 -0.0039 -0.0005
bm           -0.0012    0.0030 -0.3936  0.6938 -0.0070  0.0046
UE            0.0139    0.0049  2.8308  0.0046  0.0043  0.0235
POSWORDS      0.0855    0.1431  0.5977  0.5501 -0.1950  0.3660
NEGWORDS     -0.4793    0.2622 -1.8280  0.0676 -0.9932  0.0346

=== Model 4: QA Stress → CAR(0,180) ===
            Coef.  Std.Err.       z   P>|z|  [0.025  0.975]
Intercept  0.0207    0.0433  0.4775  0.6330 -0.0642  0.1055
stress_qa -0.0107    0.0051 -2.0884  0.0368 -0.0208 -0.0007
vol        3.6117    0.5883  6.1394  0.0000  2.4587  4.7648
mom        0.1200    0.0329  3.6489  0.0003  0.0555  0.1845
lnmve     -0.0085    0.0036 -2.3548  0.0185 -0.0155 -0.0014
bm         0.0415    0.0134  3.1040  0.0019  0.0153  0.0677
UE         0.0126    0.0065  1.9254  0.0542 -0.0002  0.0254
POSWORDS   0.1884    0.5551  0.3393  0.7344 -0.8997  1.2764
NEGWORDS   1.5758    0.9717  1.6218  0.1049 -0.3286  3.4803

=== Model 5: All Stress Scores → CAR(0,1) ===
               Coef.  Std.Err.       z   P>|z|  [0.025  0.975]
Intercept     0.0695    0.0115  6.0483  0.0000  0.0470  0.0920
stress_qa    -0.0075    0.0015 -4.8775  0.0000 -0.0105 -0.0045
stress_pr    -0.0105    0.0027 -3.9547  0.0001 -0.0157 -0.0053
stress_whole -0.0048    0.0027 -1.7548  0.0793 -0.0102  0.0006
vol           0.4784    0.1078  4.4380  0.0000  0.2671  0.6896
mom          -0.0116    0.0063 -1.8404  0.0657 -0.0239  0.0008
lnmve        -0.0026    0.0009 -3.0446  0.0023 -0.0043 -0.0009
bm           -0.0008    0.0030 -0.2583  0.7962 -0.0066  0.0051
UE            0.0133    0.0047  2.8287  0.0047  0.0041  0.0225
POSWORDS      0.0498    0.1441  0.3455  0.7297 -0.2326  0.3322
NEGWORDS     -0.2340    0.2663 -0.8788  0.3795 -0.7559  0.2879

=== SUMMARY ===
Model           N       R²  stress coef    p-value
--------------------------------------------------
M1 QA→01     5372   0.0328      -0.0113     0.0000
M2 PR→01     5372   0.0444      -0.0162     0.0000
M3 Whole→01   5372   0.0417      -0.0160     0.0000
M4 QA→180    5372   0.0470      -0.0107     0.0368
